{"D:\\Diego Andrez\\Escritorio\\github-ci-demo\\holamundo.js": {"path":"D:\\Diego Andrez\\Escritorio\\github-ci-demo\\holamundo.js","statementMap":{"0":{"start":{"line":1,"column":16},"end":{"line":1,"column":34}},"1":{"start":{"line":2,"column":18},"end":{"line":2,"column":27}},"2":{"start":{"line":3,"column":0},"end":{"line":4,"column":25}},"3":{"start":{"line":4,"column":0},"end":{"line":4,"column":23}},"4":{"start":{"line":5,"column":0},"end":{"line":5,"column":27}}},"fnMap":{"0":{"name":"(anonymous_0)","decl":{"start":{"line":3,"column":19},"end":{"line":3,"column":20}},"loc":{"start":{"line":4,"column":0},"end":{"line":4,"column":23}},"line":4}},"branchMap":{},"s":{"0":1,"1":1,"2":1,"3":1,"4":1},"f":{"0":1},"b":{},"_coverageSchema":"1a1c01bbd47fc00a2c39e90264f33305004495a9","hash":"1b305a84745b8e54d49a4f4c8480de98f2be8b88"}
}
